<?xml version="1.0" encoding="UTF-8"?>
<!-- Generated by org.testng.reporters.JUnitReportReporter -->
<testsuite hostname="LIN24003207" failures="0" tests="3" name="com.test.DataProviderTest" time="0.023" errors="0" timestamp="2023-02-14T16:08:18 IST" skipped="0">
  <testcase classname="com.test.DataProviderTest" name="Test" time="0.002"/>
  <system-out/>
  <testcase classname="com.test.DataProviderTest" name="Test" time="0.018"/>
  <system-out/>
  <testcase classname="com.test.DataProviderTest" name="Test" time="0.003"/>
  <system-out/>
</testsuite> <!-- com.test.DataProviderTest -->
