<?xml version="1.0" encoding="UTF-8"?>
<!-- Generated by org.testng.reporters.JUnitReportReporter -->
<testsuite hostname="LIN24003207" failures="0" tests="1" name="StepDefinition.LoginTest" time="5.015" errors="0" timestamp="2023-03-21T10:40:53 IST" skipped="0">
  <testcase classname="StepDefinition.LoginTest" name="verifylog" time="5.015"/>
  <system-out/>
</testsuite> <!-- StepDefinition.LoginTest -->
