<?xml version="1.0" encoding="UTF-8"?>
<!-- Generated by org.testng.reporters.JUnitReportReporter -->
<testsuite hostname="LIN24003207" failures="0" tests="8" name="com.test.NewTest" time="0.038" errors="0" timestamp="2023-02-14T17:41:51 IST" skipped="0">
  <testcase classname="com.test.NewTest" name="log" time="0.008"/>
  <system-out/>
  <testcase classname="com.test.NewTest" name="log" time="0.003"/>
  <system-out/>
  <testcase classname="com.test.NewTest" name="log" time="0.007"/>
  <system-out/>
  <testcase classname="com.test.NewTest" name="log" time="0.004"/>
  <system-out/>
  <testcase classname="com.test.NewTest" name="log" time="0.009"/>
  <system-out/>
  <testcase classname="com.test.NewTest" name="search" time="0.002"/>
  <system-out/>
  <testcase classname="com.test.NewTest" name="add" time="0.003"/>
  <system-out/>
  <testcase classname="com.test.NewTest" name="check" time="0.002"/>
  <system-out/>
</testsuite> <!-- com.test.NewTest -->
