<?xml version="1.0" encoding="UTF-8"?>
<!-- Generated by org.testng.reporters.JUnitReportReporter -->
<testsuite hostname="LIN24003207" failures="0" tests="1" name="StepDefinition.SwagVerifylog" time="7.756" errors="0" timestamp="2023-02-15T16:09:19 IST" skipped="0">
  <testcase classname="StepDefinition.SwagVerifylog" name="verifyLog" time="7.756"/>
  <system-out/>
</testsuite> <!-- StepDefinition.SwagVerifylog -->
