<?xml version="1.0" encoding="UTF-8"?>
<!-- Generated by org.testng.reporters.JUnitReportReporter -->
<testsuite hostname="LIN24003207" failures="0" tests="6" name="com.test.SimpleTest" time="11.947" errors="0" timestamp="2023-02-14T14:54:07 IST" skipped="0">
  <testcase classname="com.test.SimpleTest" name="init" time="4.664"/>
  <system-out/>
  <testcase classname="com.test.SimpleTest" name="init" time="5.997"/>
  <system-out/>
  <testcase classname="com.test.SimpleTest" name="log" time="0.623"/>
  <system-out/>
  <testcase classname="com.test.SimpleTest" name="log" time="0.655"/>
  <system-out/>
  <testcase classname="com.test.SimpleTest" name="search" time="0.003"/>
  <system-out/>
  <testcase classname="com.test.SimpleTest" name="search" time="0.005"/>
  <system-out/>
</testsuite> <!-- com.test.SimpleTest -->
