<?xml version="1.0" encoding="UTF-8"?>
<!-- Generated by org.testng.reporters.JUnitReportReporter -->
<testsuite hostname="LIN24003207" failures="0" tests="3" name="com.test.NewTest2" time="0.020" errors="0" timestamp="2023-02-14T16:11:48 IST" skipped="0">
  <testcase classname="com.test.NewTest2" name="Test" time="0.003"/>
  <system-out/>
  <testcase classname="com.test.NewTest2" name="Test" time="0.014"/>
  <system-out/>
  <testcase classname="com.test.NewTest2" name="Test" time="0.003"/>
  <system-out/>
</testsuite> <!-- com.test.NewTest2 -->
