<?xml version="1.0" encoding="UTF-8"?>
<!-- Generated by org.testng.reporters.JUnitReportReporter -->
<testsuite hostname="LIN24003207" failures="0" tests="1" name="com.test.SwagDemo" time="0.057" errors="0" timestamp="2023-02-14T15:13:02 IST" skipped="0">
  <testcase classname="com.test.SwagDemo" name="TestLogin" time="0.057"/>
  <system-out/>
</testsuite> <!-- com.test.SwagDemo -->
