<?xml version="1.0" encoding="UTF-8"?>
<!-- Generated by org.testng.reporters.JUnitReportReporter -->
<testsuite hostname="LIN24003207" failures="0" tests="4" name="com.test.DataTest" time="62.091" errors="0" timestamp="2023-03-21T17:10:06 IST" skipped="0">
  <testcase classname="com.test.DataTest" name="Test" time="7.487"/>
  <system-out/>
  <testcase classname="com.test.DataTest" name="Test" time="17.416"/>
  <system-out/>
  <testcase classname="com.test.DataTest" name="Test" time="18.561"/>
  <system-out/>
  <testcase classname="com.test.DataTest" name="Test" time="18.627"/>
  <system-out/>
</testsuite> <!-- com.test.DataTest -->
